932472 943918 507
346961 982585 525
301441 172682 443
114126 960436 525
752126 76037 509
254203 772368 509
983878 584047 525
660471 868409 525
283758 365997 441
614587 733530 509
951076 262862 525
272066 780348 509
67627 783483 509
313621 112518 443
594291 762765 509
819506 973154 525
589332 598137 403
940952 274752 525
249127 107174 443
874482 657524 525
351041 1184 443
423325 644859 509
640013 970980 525
973720 44315 525
353093 292379 441
293255 845096 525
648141 669732 442
374628 62818 443
41708 176778 383
911939 844092 476
30759 560085 470
734272 64632 509
554236 664892 509
458439 103853 449
412152 958712 525
54399 43627 340
279093 51955 443
278548 9845 443
390772 345695 441
143327 770925 509
546450 801188 509
732725 938957 525
289962 84849 443
717897 203921 509
121864 238836 443
170430 125619 383
757893 57380 509
229261 526798 470
258820 881595 525
903824 679396 525
63111 969346 525
617385 118523 470
553071 583044 421
306769 610786 470
58702 893284 525
964353 68945 525
922859 888587 476
437430 5358 449
928785 669817 525
353701 49132 443
32916 819965 509
51707 694606 509
987809 230911 525
249999 717450 509
970113 672507 525
977575 655112 525
679658 680200 367
665380 478537 509
322690 941206 525
603467 986341 525
612977 703671 509
53680 714540 509
681057 744532 504
75905 716142 509
473941 693056 509
197932 359767 443
272483 486889 449
597550 450610 470
75983 887210 525
613561 925902 525
487878 800766 509
386818 883518 525
579316 45904 470
876644 887481 445
332418 693678 509
734452 914594 525
165295 808603 509
511394 245411 449
188298 153539 383
952648 280242 525
76809 310793 443
624978 77366 470
58314 332093 443
298763 410882 449
127011 937193 525
787776 711935 468
747559 175370 509
721170 324137 509
101048 55964 351
852254 88176 525
564292 708622 509
143937 60862 375
977246 226453 525
544138 486296 470
851065 470365 525
399808 905502 525
606403 849817 525
972492 830380 525
294812 375291 441
882245 420387 525
162609 418176 449
339798 471554 449
750521 176291 509
923086 108845 525
650252 892337 525
989124 505168 525
803547 378492 509
79653 440093 449
319056 429609 449
465244 204913 449
216707 788517 509
568860 190420 470
153621 889780 525
763725 555807 509
980461 396970 525
453328 932856 525
717581 554674 509
763185 36793 509
850832 520075 525
290728 81008 443
774146 626643 504
261644 737087 509
319836 146364 443
613333 664610 509
208986 721563 509
976972 542032 525
884283 396255 525
789265 540475 509
207893 912670 525
905609 10290 525
954578 756491 525
120738 29862 354
63435 854532 525
457988 567754 470
16511 225352 386
722517 589843 509
198703 486278 449
915369 907487 476
151130 822352 509
596485 39154 470
4112 232814 443
443982 251867 449
933749 261903 525
876179 448949 525
313429 621019 470
924532 199945 525
634014 962404 525
976813 158097 525
827262 374650 509
474882 413271 444
283802 118813 443
363401 274940 441
216104 496653 449
716495 288981 509
306985 523134 470
842344 859504 419
584326 728360 509
30679 683892 509
909638 937466 476
874325 514918 525
397866 437742 449
439490 314120 449
703654 161912 509
593061 359388 470
270972 22040 443
543138 747462 509
702261 892047 525
590903 7887 470
197247 855854 525
917170 302214 525
188958 499657 449
530547 140161 470
642448 1291 509
666265 509569 509
257666 811683 509
914444 129523 525
129576 642012 509
960359 577875 525
116989 964299 525
740160 349739 509
547543 508129 470
411669 756666 509
120037 796960 509
337492 503920 449
971145 201771 525
489159 337172 449
897676 653366 525
550554 963848 525
632962 627036 385
390026 772261 509
185019 879503 525
276972 383040 441
365603 137705 443
956247 575694 525
697655 216225 509
205040 221924 386
806948 305690 509
277712 504150 449
812798 663126 504
785428 861761 525
616793 448136 470
942528 883941 507
240712 195335 443
486032 776426 509
924976 271006 525
204189 100291 383
169800 508160 449
215465 320112 443
759087 439641 509
961543 559325 525
985641 143679 525
930537 251816 525
671543 324423 509
208456 443328 449
469203 913461 525
397930 453353 449
285445 676555 509
445395 453084 387
176165 320962 443
956234 369034 525
32046 905943 525
78086 275905 443
279674 458044 449
118070 252264 443
810143 743343 468
75946 546980 470
717158 184168 509
55905 426397 449
364901 7404 443
552175 59675 470
85432 91135 333
806475 192714 509
533472 982966 525
528691 419932 470
407991 282282 441
761852 321997 509
13519 66313 340
107065 32770 354
656039 30982 509
101703 331 351
108937 147185 375
763828 635591 504
483779 996257 525
476106 657255 509
177408 211597 373
825979 63051 509
183554 999290 525
34410 56584 340
940350 445519 525
59284 625803 470
900691 573956 525
740697 423383 509
18152 430649 449
822699 111274 509
807394 956963 525
173202 194174 365
185728 670625 509
629337 522667 509
25235 577580 470
105752 133993 354
167068 509229 449
789279 937651 525
422596 901033 525
543996 664072 509
884402 595927 525
928938 288651 525
160205 516883 470
493270 810955 509
515598 88107 470
494222 575068 470
551872 473686 470
339529 436900 449
258775 163204 443
680141 143090 509
381354 429391 449
825345 363144 509
648015 175121 509
183183 362489 443
49810 685073 509
234229 493613 449
120017 299669 443
815401 768770 468
336055 922779 525
367207 990669 525
88403 518498 470
261144 934462 525
350740 562787 470
186848 75426 383
367204 656797 509
795844 613633 509
932381 444046 525
99447 346983 443
463276 823805 509
851840 22208 525
744641 804212 468
163977 126236 383
898160 917644 476
790150 709331 468
475239 672736 509
213503 480450 449
944588 289251 525
289788 949299 525
709299 313486 509
859597 835547 525
270905 157682 443
685043 292412 509
461952 322667 449
597294 480555 470
463495 921909 525
78756 288428 443
302884 983256 525
742251 191545 509
535521 196799 470
965555 933858 507
924401 860391 476
401619 526734 470
572493 465843 470
499374 304095 449
903344 155484 525
188290 612404 470
702699 201989 509
399885 629704 509
977637 232108 525
845084 588599 525
933427 146556 525
108849 356833 443
229904 797888 509
127440 889063 525
945209 507635 525
21414 620435 470
589416 430835 470
737175 766420 424
501738 739155 509
90018 413606 449
518303 539407 439
602867 961936 525
452942 14491 449
502790 617351 470
684962 992084 525
37298 131632 354
511814 651736 509
81690 222083 386
592280 506609 470
610027 81483 470
550668 261612 470
189138 10825 383
925024 286024 525
540414 510648 470
690103 848074 525
542157 682412 509
568661 519214 452
645718 427604 509
839094 914423 476
659858 29534 509
235339 370791 441
10535 68281 340
124434 49867 354
19666 461302 449
392976 237294 441
302385 512328 470
808302 675438 504
697067 167402 509
847278 885931 432
45501 588448 470
212744 490075 449
287073 764117 509
946405 847546 507
433756 19043 449
909623 644767 525
984549 327538 525
349491 590570 470
958125 468535 525
606764 883098 525
260048 149726 443
688589 8571 509
615830 726339 509
531571 878780 525
124389 781337 509
826981 865246 525
124103 165037 383
832049 788681 468
594132 856325 525
678692 842233 525
7612 944226 525
65573 726549 509
291699 708709 509
656302 392992 509
627385 652430 416
45480 260744 443
7365 355999 443
582947 425948 470
175565 401695 443
823791 139931 509
216181 192122 373
356889 145831 443
813457 636358 504
516997 150809 470
481945 576992 470
736549 994670 525
826088 75317 509
514579 540382 439
970993 466589 525
31057 215885 383
970239 661409 525
973082 568219 525
747942 802333 468
675364 376278 509
71947 966720 525
263349 983951 525
705165 778481 468
181663 97418 383
5199 629068 509
810458 550159 509
813540 196682 509
332668 120413 443
49621 151679 375
946327 465726 525
999697 11580 525
279919 93302 443
563890 255124 470
797718 243989 509
301096 137020 443
770790 880620 525
837060 242892 509
312091 75932 443
431075 142370 449
934283 546889 525
585845 429606 470
145986 978478 525
997225 550311 525
188478 768011 509
969015 716580 525
753028 361849 509
411337 6567 449
938269 536605 525
132039 691852 509
955312 144379 525
248829 953568 525
11901 363682 443
19244 241509 443
976115 898629 507
48490 148017 375
338991 966634 525
254390 67765 443
979859 544891 525
322396 304795 384
290302 915322 525
739521 725641 424
824173 361234 509
870924 359299 525
219054 654856 509
352497 583405 470
976764 74513 525
34907 775021 509
822140 663420 504
319414 953967 525
9875 97104 351
64982 237698 443
49634 60528 340
144391 312992 443
421663 324859 449
999154 455243 525
680209 629745 442
227496 568850 470
435367 815374 509
935054 780659 525
205814 772667 509
20069 500954 449
146638 841690 525
860661 850312 419
852471 391807 525
808982 459215 509
568909 813951 509
951387 733369 525
956405 332768 525
286683 939657 525
196475 86127 383
185693 46233 383
670538 114033 509
293215 51746 443
744135 840433 525
607875 617946 447
130314 385464 443
855575 237112 525
44217 860443 525
315584 432147 449
575555 519406 452
840386 861288 419
791414 528023 509
549677 637050 509
578942 217853 470
294824 741524 509
458427 888222 525
235859 187050 443
609469 814144 509
990044 371934 525
798047 498943 509
810848 319454 509
960253 481413 525
473915 655402 509
872275 992600 507
804654 317875 509
465395 990990 525
490156 125791 449
410210 981851 525
552961 678697 509
542288 193419 470
342111 880614 525
164787 271499 443
679751 906466 525
70271 330913 443
781520 636521 504
215236 261244 443
599319 755809 509
6179 651685 509
416516 777749 509
988334 840917 507
645044 486348 509
824412 819681 450
14728 295512 443
744485 579857 509
799434 830123 450
492032 839758 525
8503 50658 324
621559 385145 470
515693 588902 452
689699 361048 509
838322 727720 525
409930 455787 449
711134 9097 509
322129 796317 509
506343 622876 470
674591 695958 442
57671 834243 509
228689 859309 525
649484 408757 509
205587 842555 525
638459 837474 504
223137 431243 449
320994 844141 525
171355 475821 449
45945 864600 525
168446 441961 449
542452 323838 470
875909 999185 507
960168 600505 525
772635 905840 525
234583 21092 443
888315 551006 525
213658 106490 383
104294 989877 525
740650 91165 509
248000 913310 525
176010 30451 383
247944 88901 443
565781 548395 421
536434 576875 452
507424 113885 449
182371 373081 443
234827 268432 407
80392 729586 509
896489 702101 525
246292 987554 525
371785 278096 441
956564 253875 525
790113 958870 525
307312 79358 443
122326 72242 354
703552 539326 509
945067 470210 525
479752 301376 449
39171 112575 354
238610 845622 525
533588 909082 525
455783 277483 449
849962 996737 507
481257 405330 449
376853 754432 509
986640 198391 525
741489 847877 525
898559 694039 525
515408 600252 452
514818 744139 509
604358 473497 470
273382 137886 443
37136 923060 525
355573 556096 470
374049 961933 525
805133 232020 509
123915 972401 525
967516 340004 525
917959 859318 476
540219 339636 470
787361 617312 509
298531 926196 525
603842 403686 470
692368 126670 509
223771 148750 386
488753 885792 525
960044 701173 525
690568 787780 504
273198 74731 443
205284 404234 443
837795 662843 504
986041 729991 525
830072 169608 509
97049 316486 443
198867 52050 383
375697 184221 443
823615 544664 509
626530 175707 509
267121 787288 509
71131 48350 340
415735 600242 470
216144 190017 373
671868 267178 509
138616 469490 449
574138 733964 509
961832 537761 525
303868 787946 509
208424 411092 449
547791 536001 452
387055 137751 443
717061 410618 509
993409 930705 507
341285 241612 407
205025 935667 525
341938 388990 441
394419 660617 509
327894 896330 525
954931 172978 525
13547 476254 449
922380 583405 525
83175 243964 443
150550 431113 449
547681 50304 470
107567 269759 443
394628 756418 509
49780 735643 509
748111 294993 509
156637 511892 449
215110 745632 509
433203 785213 509
125241 536765 470
983726 48724 525
57582 735484 509
476271 386040 449
569965 492274 470
165910 102328 383
455081 719645 509
154113 315079 443
346950 481057 449
778658 589259 509
291531 226605 443
187964 61908 383
369190 305724 441
670714 555434 509
915478 906296 476
403500 481407 449
208761 119929 383
16735 235651 443
626 352810 443
474071 4374 449
60726 172685 383
991659 845401 507
315636 205333 443
822013 878814 525
840927 999984 507
39957 668285 509
146649 52264 375
955802 296456 525
798461 704671 468
954348 770070 525
413577 689080 509
122208 367804 443
602790 836373 509
885721 16730 525
154710 141114 375
458432 188433 449
987129 380176 525
628511 608338 509
953276 11078 525
872031 755026 525
694111 644050 442
96412 231769 443
95776 662165 509
623778 666682 509
494217 569437 470
57863 98717 351
934931 979652 507
367205 698744 509
313334 739765 509
696497 767644 504
474190 691535 509
914429 829292 525
164523 546146 470
968454 447784 525
697333 67542 509
87163 118823 354
2490 385066 443
51211 555171 470
24918 842586 525
197993 136046 383
944894 103195 525
837471 373315 509
525161 826688 509
852300 268343 525
722011 730430 411
617020 934927 525
155919 740876 509
461154 485099 444
78080 195044 383
633844 469151 509
430356 361383 449
853603 298658 525
102374 860061 525
752374 240287 509
84078 836762 509
41474 474793 449
669775 390780 509
190920 736524 509
398717 701520 509
348843 987902 525
902985 927956 476
948300 565237 525
140043 956759 525
177988 766802 509
123947 687805 509
460605 539642 470
368779 487327 449
847021 788358 525
507285 272527 449
748912 351696 509
934108 382009 525
468226 912494 525
910577 113956 525
834710 179643 509
681605 65496 509
244757 218960 443
455222 118298 449
946870 935378 507
763832 596755 509
545590 365925 470
157473 507919 449
910261 799103 525
75792 215328 383
837869 336663 525
747451 173667 509
353103 655675 509
533844 459034 470
822908 74625 509
180888 712952 509
208092 200214 373
355316 84988 443
995423 669234 525
624596 402741 470
565774 704748 509
859401 685220 525
456013 113385 449
959509 184830 525
28719 318064 443
448214 690768 509
416054 52313 449
468174 545341 470
910437 572580 525
594891 749987 509
533252 402855 470
892023 605276 525
49456 706655 509
660158 556000 509
593756 11494 470
875927 888648 445
234536 848389 525
873650 900589 445
451996 614945 470
878972 276335 525
817537 651730 504
713554 682450 504
801948 939473 525
816319 181250 509
175688 911567 525
740211 906807 525
713519 571938 509
804035 399859 509
321508 428122 449
667095 74537 509
317664 869106 525
885685 360056 525
623064 498019 470
497511 529428 470
388215 852306 525
655114 602758 509
537469 122921 470
852022 398217 525
871092 899650 445
569349 722645 509
765834 835136 468
683202 626426 442
158928 808568 509
102192 939554 525
488718 185869 449
858036 318457 525
594816 269786 470
984608 179368 525
26289 916487 525
317404 614588 470
968883 557054 525
187123 343910 443
489912 935544 525
865207 930139 476
421841 941937 525
134226 221212 386
497088 893434 525
45163 856400 525
472891 526957 470
847665 51532 525
659904 571706 509
743815 607797 509
79375 433312 449
922892 816061 525
634633 641848 416
910598 686473 525
609187 870379 525
967082 2291 525
279687 467972 449
149578 652843 509
820231 565408 509
256155 807416 509
20798 935554 525
422178 454557 418
3461 128003 354
988283 609686 525
468623 553383 470
654150 707393 504
362402 380298 423
150702 155546 352
6963 117689 354
60887 204767 383
656732 324701 509
689188 778130 504
555708 946001 525
167586 382237 443
436843 480661 444
48148 271567 443
957912 221404 525
443227 397316 449
977986 49792 525
161730 76004 383
433167 421654 418
499876 613634 470
992332 522075 525
872186 271524 525
265858 42125 443
836421 615970 509
616689 209174 470
358804 679847 509
102188 877475 525
158195 421973 449
879120 19860 525
312176 848453 525
881378 116236 525
45003 958379 525
414276 785447 509
353145 713688 509
21652 762379 509
158101 877850 525
900194 940823 507
712932 658366 504
789707 104953 509
755139 957878 525
475319 60892 449
479663 144469 449
505835 153918 449
726769 821238 468
499339 820511 509
181156 881981 525
182640 181973 316
319716 501493 449
164578 963005 525
952725 533977 525
98610 704908 509
895053 750318 525
363831 847043 525
95519 279821 443
816419 574273 509
524933 792447 509
641664 670770 442
2537 844417 525
238989 659109 509
958032 651110 525
214383 263164 443
921700 177052 525
400534 851196 525
579612 80070 470
448621 163716 449
962058 431049 525
723837 581019 509
862784 442659 525
827807 498338 509
163104 692213 509
158428 303976 443
93439 71137 351
151139 764188 509
155829 553294 470
704293 864797 525
342980 361416 441
699281 117422 509
188515 780485 509
336167 367109 441
929062 330754 525
290555 318722 384
502347 116044 449
783689 154493 509
666275 178139 509
582447 910008 525
509211 885849 525
541899 780020 509
436070 779584 509
225649 130911 386
70345 165345 383
728009 998762 525
810626 188864 509
794436 7289 509
439574 965533 525
211961 953332 525
569718 657486 509
510368 7675 449
405965 722823 509
843817 32310 525
37096 229564 386
109242 157770 383
488259 782685 509
632068 529063 509
137324 645568 509
161025 847998 525
384086 708509 509
498508 265424 449
573693 776498 509
737564 19426 509
221168 547335 470
34910 151565 375
711360 996940 525
684590 655857 442
757059 729182 424
95987 995717 525
39400 474708 449
628890 685133 442
419494 526171 470
271558 161287 443
560901 767204 509
17405 445011 449
191015 502465 449
991635 464681 525
615490 674734 509
196140 679142 509
434664 102124 449
970835 601336 525
652449 596092 509
215018 868323 525
756 297401 443
999228 669421 525
131269 70482 354
192494 63596 383
238232 350755 441
953557 480810 525
66611 841392 525
243745 239090 368
245346 455293 449
439478 216698 449
829076 643277 504
138587 907308 525
578019 645173 509
655563 159699 509
578481 234907 470
259049 304926 407
150381 869520 525
495249 115220 449
521909 467272 470
703818 339157 509
709078 228466 509
686487 281417 509
970287 939256 507
365101 236455 441
187507 516693 470
478846 201956 449
327884 539469 470
462003 5686 449
604957 551310 434
199801 314691 443
668192 157345 509
497971 795563 509
601903 603853 372
988173 216623 525
120734 869768 525
878576 350908 525
831748 480027 509
918481 736472 525
739291 48273 509
120229 479208 449
939069 213019 525
541487 598683 452
725646 688899 504
426553 74039 449
851769 419723 525
62049 362174 443
138707 461538 449
772170 223356 509
420379 781954 509
848692 199856 525
80803 848937 525
533990 788629 509
133000 64881 354
480968 611787 470
280860 493710 449
970701 718119 525
750053 612068 509
304013 466644 449
109951 597827 470
387504 300772 441
631452 14784 509
240710 639863 509
305004 153969 443
432244 438470 387
748631 164036 509
377802 642189 509
490215 224316 449
748975 435219 509
640515 355146 509
95741 539607 470
661590 557444 509
859434 660184 525
333647 557508 470
136027 832833 509
671489 947488 525
421021 503472 444
283562 87041 443
255790 545634 470
516944 648802 509
682741 765053 504
206407 744615 509
725266 165112 509
178448 125591 383
358288 666283 509
575004 180920 470
495671 252847 449
246510 904262 525
254974 232369 381
350814 868303 525
440734 685784 509
90233 31022 351
252930 346576 441
9414 172961 383
236507 550515 470
968547 76426 525
827855 715412 468
248718 893119 525
989713 5159 525
863105 171470 525
300428 14096 443
633140 78096 509
620344 259782 470
32262 15336 308
419600 603364 470
724982 434265 509
113498 881932 525
263755 851585 525
879461 428920 525
652692 213366 509
849745 457631 525
605002 724796 509
95496 980288 525
519505 777888 509
85579 367693 443
829853 925939 525
397607 537783 470
668594 356582 509
490758 609810 470
628803 880127 525
159393 705189 509
306620 276598 389
474643 575057 470
439643 114030 449
7305 48411 324
36473 601555 470
269014 623128 470
39 839052 525
68963 44596 340
164467 207837 373
46403 207391 383
887370 988189 507
956773 192468 525
734967 952782 525
995427 648710 525
467914 564638 470
634615 832938 504
15060 733497 509
222093 8732 386
591950 524937 452
185651 418351 449
245657 566475 470
115052 586580 470
847392 135695 525
24037 661029 509
720985 241164 509
258495 628175 509
568043 261789 470
769995 488282 509
592234 4380 470
35411 734167 509
914941 267034 525
782869 875173 525
584929 800056 509
989067 282783 525
652678 306340 509
724837 11813 509
211095 632756 509
273433 467142 449
226391 511512 449
226512 432775 449
836391 48191 509
549185 840658 525
956516 792137 525
968603 730110 525
575085 274788 470
933596 973495 507
352642 987974 525
769855 236938 509
469703 207685 449
823506 613584 509
987304 148630 525
306981 775924 509
42904 186848 383
814622 350946 509
259634 467068 449
4330 705037 509
79680 868300 525
689102 189981 509
763993 561141 509
793052 965428 525
506532 267194 449
784640 536092 509
37435 368182 443
471162 131791 449
866220 272309 525
305254 921185 525
954265 246320 525
932279 572302 525
600063 283556 470
725634 509660 509
832211 437518 509
590838 82028 470
745096 992069 525
912554 257507 525
579438 653939 509
700175 545583 509
908020 639217 525
552836 340921 470
927758 657087 525
112457 762662 509
281841 867613 525
101323 459336 449
897787 485576 525
491869 585511 470
38128 493268 449
293192 28520 443
252064 125411 443
481017 801816 509
3876 804799 509
590297 516568 452
817479 284762 509
804410 493284 509
123969 372575 443
594284 867777 525
382941 619764 470
777200 322691 509
738941 716111 424
93508 386808 443
322804 34738 443
225437 146997 386
397009 989572 525
749427 749179 393
102715 773517 509
624246 736645 509
793144 18766 509
665694 62064 509
424968 423739 356
270880 254599 407
37166 341462 443
959676 474410 525
252430 385642 441
752627 368539 509
103793 707168 509
591254 218086 470
732134 21185 509
838074 337706 525
781316 193928 509
569096 720135 509
324554 570467 470
711793 571238 509
307687 868742 525
14334 443167 449
702485 152044 509
591493 937036 525
920607 407020 525
55991 59432 322
802820 39284 509
677847 13666 509
503732 598244 470
887941 764420 525
736951 938249 525
887417 908091 445
515373 660724 509
611083 831170 509
652016 832886 504
719086 449967 509
941461 496251 525
312317 471770 449
884498 167041 525
100333 415782 449
527353 492275 470
186915 460013 449
100642 152934 375
432095 461388 444
352359 357551 379
647701 986952 525
156553 262366 443
379100 845979 525
890801 552092 525
780608 537119 509
181200 902109 525
510002 474966 426
250215 813441 509
180831 232147 443
932579 466701 525
502877 376969 449
349536 895744 525
354050 679023 509
814734 191957 509
923215 972364 507
528433 242773 470
